Using pre-set license
Built from '2020.3/staging' branch; Version is '2020.3.6f1 (338bb68529b2) revision 3378102'; Using compiler version '192528614'; Build Type 'Release'
OS: 'Windows 10 Pro; OS build 19042.928; Version 2009; 64bit' Language: 'en' Physical Memory: 32481 MB
BatchMode: 1, IsHumanControllingUs: 0, StartBugReporterOnCrash: 0, Is64bit: 1, IsPro: 0

 COMMAND LINE ARGUMENTS:
C:\Program Files\Unity\Hub\Editor\2020.3.6f1\Editor\Unity.exe
-adb2
-batchMode
-noUpm
-name
AssetImportWorker0
-projectPath
D:/UnityProyectos/StarterRPGAtreyu/StarterRPGAtreyu
-logFile
Logs/AssetImportWorker0.log
-srvPort
62407
Successfully changed project path to: D:/UnityProyectos/StarterRPGAtreyu/StarterRPGAtreyu
D:/UnityProyectos/StarterRPGAtreyu/StarterRPGAtreyu
Using Asset Import Pipeline V2.
Refreshing native plugins compatible for Editor in 27.24 ms, found 1 plugins.
Preloading 0 native plugins for Editor in 0.00 ms.
Initialize engine version: 2020.3.6f1 (338bb68529b2)
[Subsystems] Discovering subsystems at path C:/Program Files/Unity/Hub/Editor/2020.3.6f1/Editor/Data/Resources/UnitySubsystems
[Subsystems] Discovering subsystems at path D:/UnityProyectos/StarterRPGAtreyu/StarterRPGAtreyu/Assets
GfxDevice: creating device client; threaded=0
Direct3D:
    Version:  Direct3D 11.0 [level 11.1]
    Renderer: NVIDIA GeForce RTX 2060 SUPER (ID=0x1f06)
    Vendor:   
    VRAM:     8031 MB
    Driver:   27.21.14.6137
Initialize mono
Mono path[0] = 'C:/Program Files/Unity/Hub/Editor/2020.3.6f1/Editor/Data/Managed'
Mono path[1] = 'C:/Program Files/Unity/Hub/Editor/2020.3.6f1/Editor/Data/MonoBleedingEdge/lib/mono/unityjit'
Mono config path = 'C:/Program Files/Unity/Hub/Editor/2020.3.6f1/Editor/Data/MonoBleedingEdge/etc'
Using monoOptions --debugger-agent=transport=dt_socket,embedding=1,server=y,suspend=n,address=127.0.0.1:56700
Begin MonoManager ReloadAssembly
Registering precompiled unity dll's ...
Register platform support module: C:/Program Files/Unity/Hub/Editor/2020.3.6f1/Editor/Data/PlaybackEngines/WebGLSupport/UnityEditor.WebGL.Extensions.dll
Register platform support module: C:/Program Files/Unity/Hub/Editor/2020.3.6f1/Editor/Data/PlaybackEngines/WindowsStandaloneSupport/UnityEditor.WindowsStandalone.Extensions.dll
Registered in 0.004555 seconds.
Native extension for WindowsStandalone target not found
Native extension for WebGL target not found
Refreshing native plugins compatible for Editor in 27.94 ms, found 1 plugins.
Preloading 0 native plugins for Editor in 0.00 ms.
Mono: successfully reloaded assembly
- Completed reload, in  1.984 seconds
Platform modules already initialized, skipping
Registering precompiled user dll's ...
Registered in 0.000954 seconds.
Begin MonoManager ReloadAssembly
Native extension for WindowsStandalone target not found
Native extension for WebGL target not found
Refreshing native plugins compatible for Editor in 30.02 ms, found 1 plugins.
Preloading 0 native plugins for Editor in 0.00 ms.
Mono: successfully reloaded assembly
- Completed reload, in  0.813 seconds
Platform modules already initialized, skipping
========================================================================
Worker process is ready to serve import requests
Launched and connected shader compiler UnityShaderCompiler.exe after 0.03 seconds
Refreshing native plugins compatible for Editor in 0.34 ms, found 1 plugins.
Preloading 0 native plugins for Editor in 0.00 ms.
Unloading 1810 Unused Serialized files (Serialized files now loaded: 0)
System memory in use before: 84.9 MB.
System memory in use after: 84.8 MB.

Unloading 24 unused Assets to reduce memory usage. Loaded Objects now: 2252.
Total: 1.620500 ms (FindLiveObjects: 0.177300 ms CreateObjectMapping: 0.072900 ms MarkObjects: 1.272900 ms  DeleteObjects: 0.096600 ms)

========================================================================
Received Import Request.
  path: Assets/Sonidos
  artifactKey: Guid(478d0e3e05f15964cb402e9265aae428) Importer(815301076,1909f56bfc062723c751e8b465ee728b)
Start importing Assets/Sonidos using Guid(478d0e3e05f15964cb402e9265aae428) Importer(815301076,1909f56bfc062723c751e8b465ee728b)  -> (artifact id: 'e48105e7570eac9e2eb8c1e9dcbb21bb') in 0.004658 seconds
  Import took 0.017464 seconds .

========================================================================
Received Import Request.
  Time since last request: 286.225405 seconds.
  path: Assets/Sonidos/mus_badnote1.wav
  artifactKey: Guid(41d973327bed3ff4dbb84df841fc4d70) Importer(815301076,1909f56bfc062723c751e8b465ee728b)
Start importing Assets/Sonidos/mus_badnote1.wav using Guid(41d973327bed3ff4dbb84df841fc4d70) Importer(815301076,1909f56bfc062723c751e8b465ee728b)  -> (artifact id: '9f930b65eb2b0ecf41bb2474d9db83a0') in 0.091474 seconds
  Import took 0.095589 seconds .

========================================================================
Received Import Request.
  Time since last request: 0.000143 seconds.
  path: Assets/Sonidos/snd_mtt6.wav
  artifactKey: Guid(8f506eaf6f4798c41a98d06a61b370f0) Importer(815301076,1909f56bfc062723c751e8b465ee728b)
Start importing Assets/Sonidos/snd_mtt6.wav using Guid(8f506eaf6f4798c41a98d06a61b370f0) Importer(815301076,1909f56bfc062723c751e8b465ee728b)  -> (artifact id: '9ae1861090e631b8bbfb3087d6f09449') in 0.008578 seconds
  Import took 0.010814 seconds .

========================================================================
Received Import Request.
  Time since last request: 0.000143 seconds.
  path: Assets/Sonidos/mus_note2.wav
  artifactKey: Guid(ae97d55074dab554d9dcacc4aeb8ca06) Importer(815301076,1909f56bfc062723c751e8b465ee728b)
Start importing Assets/Sonidos/mus_note2.wav using Guid(ae97d55074dab554d9dcacc4aeb8ca06) Importer(815301076,1909f56bfc062723c751e8b465ee728b)  -> (artifact id: '096a7a11d773fde2d2f2e045a0cde553') in 0.006879 seconds
  Import took 0.009159 seconds .

========================================================================
Received Import Request.
  Time since last request: 0.000143 seconds.
  path: Assets/Sonidos/mus_note4.wav
  artifactKey: Guid(4e191b0997ae09445a7cb23988fcb3cd) Importer(815301076,1909f56bfc062723c751e8b465ee728b)
Start importing Assets/Sonidos/mus_note4.wav using Guid(4e191b0997ae09445a7cb23988fcb3cd) Importer(815301076,1909f56bfc062723c751e8b465ee728b)  -> (artifact id: 'df50d30fb42924bf6960b870ef8bffb2') in 0.006935 seconds
  Import took 0.009310 seconds .

========================================================================
Received Import Request.
  Time since last request: 0.000156 seconds.
  path: Assets/Sonidos/mus_note1.wav
  artifactKey: Guid(9a3b5d00a05a90c4292e9f3bdca0a5b3) Importer(815301076,1909f56bfc062723c751e8b465ee728b)
Start importing Assets/Sonidos/mus_note1.wav using Guid(9a3b5d00a05a90c4292e9f3bdca0a5b3) Importer(815301076,1909f56bfc062723c751e8b465ee728b)  -> (artifact id: '50a8d55c8588eac05fcd2c11b64c2b81') in 0.008291 seconds
  Import took 0.010599 seconds .

========================================================================
Received Import Request.
  Time since last request: 0.000170 seconds.
  path: Assets/Sonidos/snd_mtt4.wav
  artifactKey: Guid(76765e90f5ff1f248b44452cd7c7ab4e) Importer(815301076,1909f56bfc062723c751e8b465ee728b)
Start importing Assets/Sonidos/snd_mtt4.wav using Guid(76765e90f5ff1f248b44452cd7c7ab4e) Importer(815301076,1909f56bfc062723c751e8b465ee728b)  -> (artifact id: 'd5ed0c646dc60d5dfdbab04997b201ca') in 0.007353 seconds
  Import took 0.010391 seconds .

========================================================================
Received Import Request.
  Time since last request: 0.000156 seconds.
  path: Assets/Sonidos/snd_mtt3.wav
  artifactKey: Guid(56d9734eb81e10748b0792859e5dfcac) Importer(815301076,1909f56bfc062723c751e8b465ee728b)
Start importing Assets/Sonidos/snd_mtt3.wav using Guid(56d9734eb81e10748b0792859e5dfcac) Importer(815301076,1909f56bfc062723c751e8b465ee728b)  -> (artifact id: 'ffbf4476e9a008120b8dc1b8b9bef98a') in 0.006356 seconds
  Import took 0.008618 seconds .

========================================================================
Received Import Request.
  Time since last request: 0.000189 seconds.
  path: Assets/Sonidos/snd_mtt9.wav
  artifactKey: Guid(4278f74b8e8212842bdbbf0602b37aab) Importer(815301076,1909f56bfc062723c751e8b465ee728b)
Start importing Assets/Sonidos/snd_mtt9.wav using Guid(4278f74b8e8212842bdbbf0602b37aab) Importer(815301076,1909f56bfc062723c751e8b465ee728b)  -> (artifact id: 'cf1089fa81310e583b3a7bf7168799cd') in 0.006467 seconds
  Import took 0.014817 seconds .

========================================================================
Received Import Request.
  Time since last request: 0.000159 seconds.
  path: Assets/Sonidos/snd_floweytalk2.wav
  artifactKey: Guid(c35e36b93c37056418d16b8898df9919) Importer(815301076,1909f56bfc062723c751e8b465ee728b)
Start importing Assets/Sonidos/snd_floweytalk2.wav using Guid(c35e36b93c37056418d16b8898df9919) Importer(815301076,1909f56bfc062723c751e8b465ee728b)  -> (artifact id: '9da5ab253e3b9d449a2a39709630f978') in 0.007025 seconds
  Import took 0.009274 seconds .

========================================================================
Received Import Request.
  Time since last request: 0.000181 seconds.
  path: Assets/Sonidos/snd_mtt1.wav
  artifactKey: Guid(a81710f906c003f4bbcfc6c1db9a18d3) Importer(815301076,1909f56bfc062723c751e8b465ee728b)
Start importing Assets/Sonidos/snd_mtt1.wav using Guid(a81710f906c003f4bbcfc6c1db9a18d3) Importer(815301076,1909f56bfc062723c751e8b465ee728b)  -> (artifact id: '249c4cab2065f7634aa4e3f4b6b7cf19') in 0.006887 seconds
  Import took 0.009114 seconds .

========================================================================
Received Import Request.
  Time since last request: 0.000153 seconds.
  path: Assets/Sonidos/mus_singvoice.wav
  artifactKey: Guid(af8cdb05a0d5e9b46a0f6c1d5d1f5012) Importer(815301076,1909f56bfc062723c751e8b465ee728b)
Start importing Assets/Sonidos/mus_singvoice.wav using Guid(af8cdb05a0d5e9b46a0f6c1d5d1f5012) Importer(815301076,1909f56bfc062723c751e8b465ee728b)  -> (artifact id: '5f88a5ca065fe6a27c1d6669c6bad217') in 0.006257 seconds
  Import took 0.008458 seconds .

========================================================================
Received Import Request.
  Time since last request: 0.000156 seconds.
  path: Assets/Sonidos/snd_mtt2.wav
  artifactKey: Guid(7deac2e0b4d8331418cd073a863aa448) Importer(815301076,1909f56bfc062723c751e8b465ee728b)
Start importing Assets/Sonidos/snd_mtt2.wav using Guid(7deac2e0b4d8331418cd073a863aa448) Importer(815301076,1909f56bfc062723c751e8b465ee728b)  -> (artifact id: 'd7f22791d137fe6d8f05de6c0b5af5e1') in 0.006750 seconds
  Import took 0.008999 seconds .

========================================================================
Received Import Request.
  Time since last request: 0.000145 seconds.
  path: Assets/Sonidos/snd_floweytalk1.wav
  artifactKey: Guid(e843db0f9c90a554aaa2fe99e3e33b73) Importer(815301076,1909f56bfc062723c751e8b465ee728b)
Start importing Assets/Sonidos/snd_floweytalk1.wav using Guid(e843db0f9c90a554aaa2fe99e3e33b73) Importer(815301076,1909f56bfc062723c751e8b465ee728b)  -> (artifact id: '5c2a464ea9f7b95d646649dc27e6fee7') in 0.007358 seconds
  Import took 0.009620 seconds .

========================================================================
Received Import Request.
  Time since last request: 0.000147 seconds.
  path: Assets/Sonidos/snd_mtt5.wav
  artifactKey: Guid(8dc3a25a45f5a654895a9eaf8b01e2bb) Importer(815301076,1909f56bfc062723c751e8b465ee728b)
Start importing Assets/Sonidos/snd_mtt5.wav using Guid(8dc3a25a45f5a654895a9eaf8b01e2bb) Importer(815301076,1909f56bfc062723c751e8b465ee728b)  -> (artifact id: 'b96ee53f17a83eb9e3f99409b649f6fb') in 0.008095 seconds
  Import took 0.010581 seconds .

========================================================================
Received Import Request.
  Time since last request: 0.000135 seconds.
  path: Assets/Sonidos/mus_note3.wav
  artifactKey: Guid(bc2fe0ea1f05c9d4a90c24b84e86f42f) Importer(815301076,1909f56bfc062723c751e8b465ee728b)
Start importing Assets/Sonidos/mus_note3.wav using Guid(bc2fe0ea1f05c9d4a90c24b84e86f42f) Importer(815301076,1909f56bfc062723c751e8b465ee728b)  -> (artifact id: 'c79ec4446dee096c0f3678e4c51ce890') in 0.007014 seconds
  Import took 0.009328 seconds .

========================================================================
Received Import Request.
  Time since last request: 0.000145 seconds.
  path: Assets/Sonidos/snd_mtt7.wav
  artifactKey: Guid(165d23f4d26fe244aad4b30cfe0d68a2) Importer(815301076,1909f56bfc062723c751e8b465ee728b)
Start importing Assets/Sonidos/snd_mtt7.wav using Guid(165d23f4d26fe244aad4b30cfe0d68a2) Importer(815301076,1909f56bfc062723c751e8b465ee728b)  -> (artifact id: 'a70c5a409a9aee79ae7579089234e3d8') in 0.006464 seconds
  Import took 0.008812 seconds .

========================================================================
Received Import Request.
  Time since last request: 0.000148 seconds.
  path: Assets/Sonidos/snd_mtt8.wav
  artifactKey: Guid(2aef23e00ec2bd1418b63d25b451cb86) Importer(815301076,1909f56bfc062723c751e8b465ee728b)
Start importing Assets/Sonidos/snd_mtt8.wav using Guid(2aef23e00ec2bd1418b63d25b451cb86) Importer(815301076,1909f56bfc062723c751e8b465ee728b)  -> (artifact id: '858a3dd0f9b4fdc10f6a2f70d2e84e04') in 0.006976 seconds
  Import took 0.009365 seconds .

========================================================================
Received Import Request.
  Time since last request: 0.000149 seconds.
  path: Assets/Sonidos/mus_sfx_voice_ted.wav
  artifactKey: Guid(a89951753c3c4ad4cab941fc1426dc88) Importer(815301076,1909f56bfc062723c751e8b465ee728b)
Start importing Assets/Sonidos/mus_sfx_voice_ted.wav using Guid(a89951753c3c4ad4cab941fc1426dc88) Importer(815301076,1909f56bfc062723c751e8b465ee728b)  -> (artifact id: 'a46f9ac41a6d99851e9d34bc2ff8ab10') in 0.007206 seconds
  Import took 0.010725 seconds .

========================================================================
Received Import Request.
  Time since last request: 36.131155 seconds.
  path: Assets/Scripts/MutiDialog.cs
  artifactKey: Guid(6affd13f049df80469b8f9187893b186) Importer(815301076,1909f56bfc062723c751e8b465ee728b)
Start importing Assets/Scripts/MutiDialog.cs using Guid(6affd13f049df80469b8f9187893b186) Importer(815301076,1909f56bfc062723c751e8b465ee728b)  -> (artifact id: '7680143bee1e0b6d91fbcebb3d837dc9') in 0.028635 seconds
  Import took 0.030985 seconds .

========================================================================
Received Prepare
Registering precompiled user dll's ...
Registered in 0.001009 seconds.
Begin MonoManager ReloadAssembly
Native extension for WindowsStandalone target not found
Native extension for WebGL target not found
Refreshing native plugins compatible for Editor in 0.29 ms, found 1 plugins.
Preloading 0 native plugins for Editor in 0.00 ms.
Mono: successfully reloaded assembly
- Completed reload, in  0.726 seconds
Platform modules already initialized, skipping
Refreshing native plugins compatible for Editor in 0.34 ms, found 1 plugins.
Preloading 0 native plugins for Editor in 0.00 ms.
Unloading 1805 Unused Serialized files (Serialized files now loaded: 0)
System memory in use before: 88.0 MB.
System memory in use after: 88.0 MB.

Unloading 12 unused Assets to reduce memory usage. Loaded Objects now: 2265.
Total: 1.911300 ms (FindLiveObjects: 0.245700 ms CreateObjectMapping: 0.087800 ms MarkObjects: 1.442000 ms  DeleteObjects: 0.134600 ms)

========================================================================
Received Prepare
Registering precompiled user dll's ...
Registered in 0.001034 seconds.
Begin MonoManager ReloadAssembly
Native extension for WindowsStandalone target not found
Native extension for WebGL target not found
Refreshing native plugins compatible for Editor in 0.31 ms, found 1 plugins.
Preloading 0 native plugins for Editor in 0.00 ms.
Mono: successfully reloaded assembly
- Completed reload, in  0.701 seconds
Platform modules already initialized, skipping
Refreshing native plugins compatible for Editor in 0.30 ms, found 1 plugins.
Preloading 0 native plugins for Editor in 0.00 ms.
Unloading 1805 Unused Serialized files (Serialized files now loaded: 0)
System memory in use before: 88.0 MB.
System memory in use after: 88.0 MB.

Unloading 12 unused Assets to reduce memory usage. Loaded Objects now: 2269.
Total: 1.524400 ms (FindLiveObjects: 0.163500 ms CreateObjectMapping: 0.057900 ms MarkObjects: 1.221700 ms  DeleteObjects: 0.080600 ms)

========================================================================
Received Prepare
Registering precompiled user dll's ...
Registered in 0.001093 seconds.
Begin MonoManager ReloadAssembly
Native extension for WindowsStandalone target not found
Native extension for WebGL target not found
Refreshing native plugins compatible for Editor in 0.31 ms, found 1 plugins.
Preloading 0 native plugins for Editor in 0.00 ms.
Mono: successfully reloaded assembly
- Completed reload, in  0.703 seconds
Platform modules already initialized, skipping
Refreshing native plugins compatible for Editor in 0.31 ms, found 1 plugins.
Preloading 0 native plugins for Editor in 0.00 ms.
Unloading 1805 Unused Serialized files (Serialized files now loaded: 0)
System memory in use before: 88.0 MB.
System memory in use after: 88.0 MB.

Unloading 12 unused Assets to reduce memory usage. Loaded Objects now: 2273.
Total: 1.746300 ms (FindLiveObjects: 0.160700 ms CreateObjectMapping: 0.052800 ms MarkObjects: 1.413900 ms  DeleteObjects: 0.118200 ms)

AssetImportWorkerClient::OnTransportError - code=2 error=End of file
