Using pre-set license
Built from '2020.3/staging' branch; Version is '2020.3.6f1 (338bb68529b2) revision 3378102'; Using compiler version '192528614'; Build Type 'Release'
OS: 'Windows 10 Pro; OS build 19042.928; Version 2009; 64bit' Language: 'en' Physical Memory: 32481 MB
BatchMode: 1, IsHumanControllingUs: 0, StartBugReporterOnCrash: 0, Is64bit: 1, IsPro: 0

 COMMAND LINE ARGUMENTS:
C:\Program Files\Unity\Hub\Editor\2020.3.6f1\Editor\Unity.exe
-adb2
-batchMode
-noUpm
-name
AssetImportWorker0
-projectPath
D:/UnityProyectos/StarterRPGAtreyu/StarterRPGAtreyu
-logFile
Logs/AssetImportWorker0.log
-srvPort
62840
Successfully changed project path to: D:/UnityProyectos/StarterRPGAtreyu/StarterRPGAtreyu
D:/UnityProyectos/StarterRPGAtreyu/StarterRPGAtreyu
Using Asset Import Pipeline V2.
Refreshing native plugins compatible for Editor in 27.80 ms, found 1 plugins.
Preloading 0 native plugins for Editor in 0.00 ms.
Initialize engine version: 2020.3.6f1 (338bb68529b2)
[Subsystems] Discovering subsystems at path C:/Program Files/Unity/Hub/Editor/2020.3.6f1/Editor/Data/Resources/UnitySubsystems
[Subsystems] Discovering subsystems at path D:/UnityProyectos/StarterRPGAtreyu/StarterRPGAtreyu/Assets
GfxDevice: creating device client; threaded=0
Direct3D:
    Version:  Direct3D 11.0 [level 11.1]
    Renderer: NVIDIA GeForce RTX 2060 SUPER (ID=0x1f06)
    Vendor:   
    VRAM:     8031 MB
    Driver:   27.21.14.6137
Initialize mono
Mono path[0] = 'C:/Program Files/Unity/Hub/Editor/2020.3.6f1/Editor/Data/Managed'
Mono path[1] = 'C:/Program Files/Unity/Hub/Editor/2020.3.6f1/Editor/Data/MonoBleedingEdge/lib/mono/unityjit'
Mono config path = 'C:/Program Files/Unity/Hub/Editor/2020.3.6f1/Editor/Data/MonoBleedingEdge/etc'
Using monoOptions --debugger-agent=transport=dt_socket,embedding=1,server=y,suspend=n,address=127.0.0.1:56004
Begin MonoManager ReloadAssembly
Registering precompiled unity dll's ...
Register platform support module: C:/Program Files/Unity/Hub/Editor/2020.3.6f1/Editor/Data/PlaybackEngines/WebGLSupport/UnityEditor.WebGL.Extensions.dll
Register platform support module: C:/Program Files/Unity/Hub/Editor/2020.3.6f1/Editor/Data/PlaybackEngines/WindowsStandaloneSupport/UnityEditor.WindowsStandalone.Extensions.dll
Registered in 0.004178 seconds.
Native extension for WindowsStandalone target not found
Native extension for WebGL target not found
Refreshing native plugins compatible for Editor in 27.36 ms, found 1 plugins.
Preloading 0 native plugins for Editor in 0.00 ms.
Mono: successfully reloaded assembly
- Completed reload, in  1.942 seconds
Platform modules already initialized, skipping
Registering precompiled user dll's ...
Registered in 0.000903 seconds.
Begin MonoManager ReloadAssembly
Native extension for WindowsStandalone target not found
Native extension for WebGL target not found
Refreshing native plugins compatible for Editor in 28.97 ms, found 1 plugins.
Preloading 0 native plugins for Editor in 0.00 ms.
Mono: successfully reloaded assembly
- Completed reload, in  0.775 seconds
Platform modules already initialized, skipping
========================================================================
Worker process is ready to serve import requests
Launched and connected shader compiler UnityShaderCompiler.exe after 0.03 seconds
Refreshing native plugins compatible for Editor in 0.30 ms, found 1 plugins.
Preloading 0 native plugins for Editor in 0.00 ms.
Unloading 1810 Unused Serialized files (Serialized files now loaded: 0)
System memory in use before: 84.9 MB.
System memory in use after: 84.9 MB.

Unloading 24 unused Assets to reduce memory usage. Loaded Objects now: 2253.
Total: 1.605900 ms (FindLiveObjects: 0.162600 ms CreateObjectMapping: 0.068600 ms MarkObjects: 1.282900 ms  DeleteObjects: 0.091200 ms)

========================================================================
Received Import Request.
  path: Assets/Imagenes/PisoCasa3.png
  artifactKey: Guid(ea7266d5c3d5698439933692b0caea38) Importer(815301076,1909f56bfc062723c751e8b465ee728b)
Start importing Assets/Imagenes/PisoCasa3.png using Guid(ea7266d5c3d5698439933692b0caea38) Importer(815301076,1909f56bfc062723c751e8b465ee728b)  -> (artifact id: 'ee301c37f622e5aba37898c2b0477dbc') in 0.095577 seconds
  Import took 0.097914 seconds .

========================================================================
Received Import Request.
  Time since last request: 0.000153 seconds.
  path: Assets/Imagenes/PisoCasa1.png
  artifactKey: Guid(bb520293993e4394b8d42eae168791c8) Importer(815301076,1909f56bfc062723c751e8b465ee728b)
Start importing Assets/Imagenes/PisoCasa1.png using Guid(bb520293993e4394b8d42eae168791c8) Importer(815301076,1909f56bfc062723c751e8b465ee728b)  -> (artifact id: 'f1ff05d4c7fd21190d34135adaa2718d') in 0.008467 seconds
  Import took 0.010747 seconds .

========================================================================
Received Import Request.
  Time since last request: 0.000141 seconds.
  path: Assets/Imagenes/PisoCasa2.png
  artifactKey: Guid(ae32016105dc63a4a80278b28caaa9e4) Importer(815301076,1909f56bfc062723c751e8b465ee728b)
Start importing Assets/Imagenes/PisoCasa2.png using Guid(ae32016105dc63a4a80278b28caaa9e4) Importer(815301076,1909f56bfc062723c751e8b465ee728b)  -> (artifact id: '614caa589027d58114387d3fc1c61cbc') in 0.013556 seconds
  Import took 0.016394 seconds .

========================================================================
Received Import Request.
  Time since last request: 44.939094 seconds.
  path: Assets/Imagenes/PisoCasa1.png
  artifactKey: Guid(bb520293993e4394b8d42eae168791c8) Importer(815301076,1909f56bfc062723c751e8b465ee728b)
Start importing Assets/Imagenes/PisoCasa1.png using Guid(bb520293993e4394b8d42eae168791c8) Importer(815301076,1909f56bfc062723c751e8b465ee728b)  -> (artifact id: 'a099045184bbcfa0e1b994103d5d6644') in 0.009596 seconds
  Import took 0.012125 seconds .

========================================================================
Received Import Request.
  Time since last request: 7.772753 seconds.
  path: Assets/Imagenes/PisoCasa1.png
  artifactKey: Guid(bb520293993e4394b8d42eae168791c8) Importer(815301076,1909f56bfc062723c751e8b465ee728b)
Start importing Assets/Imagenes/PisoCasa1.png using Guid(bb520293993e4394b8d42eae168791c8) Importer(815301076,1909f56bfc062723c751e8b465ee728b)  -> (artifact id: '9f7d10c88089e6888757a55354778f6e') in 0.009674 seconds
  Import took 0.012347 seconds .

========================================================================
Received Import Request.
  Time since last request: 2.597025 seconds.
  path: Assets/Imagenes/PisoCasa1.png
  artifactKey: Guid(bb520293993e4394b8d42eae168791c8) Importer(815301076,1909f56bfc062723c751e8b465ee728b)
Start importing Assets/Imagenes/PisoCasa1.png using Guid(bb520293993e4394b8d42eae168791c8) Importer(815301076,1909f56bfc062723c751e8b465ee728b)  -> (artifact id: 'c66b636b00be26b4999a4597371c0133') in 0.010941 seconds
  Import took 0.013655 seconds .

========================================================================
Received Import Request.
  Time since last request: 0.000321 seconds.
  path: Assets/Imagenes/PisoCasa1.png
  artifactKey: Guid(bb520293993e4394b8d42eae168791c8) Importer(815301076,1909f56bfc062723c751e8b465ee728b)
Start importing Assets/Imagenes/PisoCasa1.png using Guid(bb520293993e4394b8d42eae168791c8) Importer(815301076,1909f56bfc062723c751e8b465ee728b)  -> (artifact id: 'c66b636b00be26b4999a4597371c0133') in 0.016610 seconds
  Import took 0.019108 seconds .

========================================================================
Received Import Request.
  Time since last request: 11.698261 seconds.
  path: Assets/Imagenes/PisoCasa1.png
  artifactKey: Guid(bb520293993e4394b8d42eae168791c8) Importer(815301076,1909f56bfc062723c751e8b465ee728b)
Start importing Assets/Imagenes/PisoCasa1.png using Guid(bb520293993e4394b8d42eae168791c8) Importer(815301076,1909f56bfc062723c751e8b465ee728b)  -> (artifact id: '498ccf2593c8626311670cdaf7ccd1b6') in 0.029920 seconds
  Import took 0.032319 seconds .

========================================================================
Received Import Request.
  Time since last request: 6.071042 seconds.
  path: Assets/Imagenes/PisoCasa1.png
  artifactKey: Guid(bb520293993e4394b8d42eae168791c8) Importer(815301076,1909f56bfc062723c751e8b465ee728b)
Start importing Assets/Imagenes/PisoCasa1.png using Guid(bb520293993e4394b8d42eae168791c8) Importer(815301076,1909f56bfc062723c751e8b465ee728b)  -> (artifact id: '00233f0b9bcc601146273df27dc635bc') in 0.011060 seconds
  Import took 0.013566 seconds .

========================================================================
Received Import Request.
  Time since last request: 0.000201 seconds.
  path: Assets/Imagenes/PisoCasa1.png
  artifactKey: Guid(bb520293993e4394b8d42eae168791c8) Importer(815301076,1909f56bfc062723c751e8b465ee728b)
Start importing Assets/Imagenes/PisoCasa1.png using Guid(bb520293993e4394b8d42eae168791c8) Importer(815301076,1909f56bfc062723c751e8b465ee728b)  -> (artifact id: '00233f0b9bcc601146273df27dc635bc') in 0.017143 seconds
  Import took 0.019831 seconds .

========================================================================
Received Import Request.
  Time since last request: 4.633014 seconds.
  path: Assets/Imagenes/PisoCasa1.png
  artifactKey: Guid(bb520293993e4394b8d42eae168791c8) Importer(815301076,1909f56bfc062723c751e8b465ee728b)
Start importing Assets/Imagenes/PisoCasa1.png using Guid(bb520293993e4394b8d42eae168791c8) Importer(815301076,1909f56bfc062723c751e8b465ee728b)  -> (artifact id: 'e526f8f0097cf5b63f47f86111bd300a') in 0.010297 seconds
  Import took 0.012997 seconds .

========================================================================
Received Import Request.
  Time since last request: 0.003040 seconds.
  path: Assets/Imagenes/PisoCasa1.png
  artifactKey: Guid(bb520293993e4394b8d42eae168791c8) Importer(815301076,1909f56bfc062723c751e8b465ee728b)
Start importing Assets/Imagenes/PisoCasa1.png using Guid(bb520293993e4394b8d42eae168791c8) Importer(815301076,1909f56bfc062723c751e8b465ee728b)  -> (artifact id: 'e526f8f0097cf5b63f47f86111bd300a') in 0.014089 seconds
  Import took 0.016528 seconds .

========================================================================
Received Import Request.
  Time since last request: 28.749164 seconds.
  path: Assets/Imagenes/PisoCasa1.png
  artifactKey: Guid(bb520293993e4394b8d42eae168791c8) Importer(815301076,1909f56bfc062723c751e8b465ee728b)
Start importing Assets/Imagenes/PisoCasa1.png using Guid(bb520293993e4394b8d42eae168791c8) Importer(815301076,1909f56bfc062723c751e8b465ee728b)  -> (artifact id: '4bda1c531cec82ce906edf8350a9099d') in 0.009364 seconds
  Import took 0.012126 seconds .

========================================================================
Received Import Request.
  Time since last request: 2.872021 seconds.
  path: Assets/Imagenes/PisoCasa2.png
  artifactKey: Guid(ae32016105dc63a4a80278b28caaa9e4) Importer(815301076,1909f56bfc062723c751e8b465ee728b)
Start importing Assets/Imagenes/PisoCasa2.png using Guid(ae32016105dc63a4a80278b28caaa9e4) Importer(815301076,1909f56bfc062723c751e8b465ee728b)  -> (artifact id: '87bdf64d47b76524ae9ca5b24d74f948') in 0.018441 seconds
  Import took 0.021291 seconds .

========================================================================
Received Import Request.
  Time since last request: 3.007233 seconds.
  path: Assets/Imagenes/PisoCasa3.png
  artifactKey: Guid(ea7266d5c3d5698439933692b0caea38) Importer(815301076,1909f56bfc062723c751e8b465ee728b)
Start importing Assets/Imagenes/PisoCasa3.png using Guid(ea7266d5c3d5698439933692b0caea38) Importer(815301076,1909f56bfc062723c751e8b465ee728b)  -> (artifact id: '6904377334184dc9bdb7a9ac17ef5dd3') in 0.011883 seconds
  Import took 0.014498 seconds .

========================================================================
Received Prepare
Registering precompiled user dll's ...
Registered in 0.000998 seconds.
Begin MonoManager ReloadAssembly
Native extension for WindowsStandalone target not found
Native extension for WebGL target not found
Refreshing native plugins compatible for Editor in 0.30 ms, found 1 plugins.
Preloading 0 native plugins for Editor in 0.00 ms.
Mono: successfully reloaded assembly
- Completed reload, in  0.716 seconds
Platform modules already initialized, skipping
Refreshing native plugins compatible for Editor in 0.32 ms, found 1 plugins.
Preloading 0 native plugins for Editor in 0.00 ms.
Unloading 1805 Unused Serialized files (Serialized files now loaded: 0)
System memory in use before: 88.0 MB.
System memory in use after: 87.9 MB.

Unloading 12 unused Assets to reduce memory usage. Loaded Objects now: 2263.
Total: 1.881000 ms (FindLiveObjects: 0.238900 ms CreateObjectMapping: 0.088200 ms MarkObjects: 1.432400 ms  DeleteObjects: 0.120900 ms)

========================================================================
Received Prepare
Registering precompiled user dll's ...
Registered in 0.000920 seconds.
Begin MonoManager ReloadAssembly
Native extension for WindowsStandalone target not found
Native extension for WebGL target not found
Refreshing native plugins compatible for Editor in 0.41 ms, found 1 plugins.
Preloading 0 native plugins for Editor in 0.00 ms.
Mono: successfully reloaded assembly
- Completed reload, in  0.756 seconds
Platform modules already initialized, skipping
Refreshing native plugins compatible for Editor in 0.30 ms, found 1 plugins.
Preloading 0 native plugins for Editor in 0.00 ms.
Unloading 1805 Unused Serialized files (Serialized files now loaded: 0)
System memory in use before: 88.0 MB.
System memory in use after: 88.0 MB.

Unloading 12 unused Assets to reduce memory usage. Loaded Objects now: 2267.
Total: 1.748500 ms (FindLiveObjects: 0.168700 ms CreateObjectMapping: 0.061200 ms MarkObjects: 1.390800 ms  DeleteObjects: 0.127100 ms)

========================================================================
Received Prepare
Registering precompiled user dll's ...
Registered in 0.000860 seconds.
Begin MonoManager ReloadAssembly
Native extension for WindowsStandalone target not found
Native extension for WebGL target not found
Refreshing native plugins compatible for Editor in 0.30 ms, found 1 plugins.
Preloading 0 native plugins for Editor in 0.00 ms.
Mono: successfully reloaded assembly
- Completed reload, in  0.692 seconds
Platform modules already initialized, skipping
Refreshing native plugins compatible for Editor in 0.30 ms, found 1 plugins.
Preloading 0 native plugins for Editor in 0.00 ms.
Unloading 1805 Unused Serialized files (Serialized files now loaded: 0)
System memory in use before: 88.0 MB.
System memory in use after: 88.0 MB.

Unloading 12 unused Assets to reduce memory usage. Loaded Objects now: 2271.
Total: 1.539400 ms (FindLiveObjects: 0.172700 ms CreateObjectMapping: 0.061500 ms MarkObjects: 1.224100 ms  DeleteObjects: 0.080200 ms)

========================================================================
Received Import Request.
  Time since last request: 247.251638 seconds.
  path: Assets/Font
  artifactKey: Guid(8cb467dc24c3ba24b9c52431cf03e05e) Importer(815301076,1909f56bfc062723c751e8b465ee728b)
Start importing Assets/Font using Guid(8cb467dc24c3ba24b9c52431cf03e05e) Importer(815301076,1909f56bfc062723c751e8b465ee728b)  -> (artifact id: 'a984ee6959fc815c7bc0184f823abb21') in 0.004652 seconds
  Import took 0.007116 seconds .

========================================================================
Received Import Request.
  Time since last request: 11.008792 seconds.
  path: Assets/Font/MonsterFriendBack.otf
  artifactKey: Guid(c4f040be971c80b489122797270c0b6f) Importer(815301076,1909f56bfc062723c751e8b465ee728b)
Start importing Assets/Font/MonsterFriendBack.otf using Guid(c4f040be971c80b489122797270c0b6f) Importer(815301076,1909f56bfc062723c751e8b465ee728b)  -> (artifact id: '6c69afe42f2d74ecd1284792db210dc3') in 0.061770 seconds
  Import took 0.064225 seconds .

========================================================================
Received Import Request.
  Time since last request: 0.000146 seconds.
  path: Assets/Font/MonsterFriendFore.otf
  artifactKey: Guid(419c2380640583847a3c8c76bbe3cf5d) Importer(815301076,1909f56bfc062723c751e8b465ee728b)
Start importing Assets/Font/MonsterFriendFore.otf using Guid(419c2380640583847a3c8c76bbe3cf5d) Importer(815301076,1909f56bfc062723c751e8b465ee728b)  -> (artifact id: '1912f6e38d43c729997c06bdae5a1521') in 0.008880 seconds
  Import took 0.011242 seconds .

========================================================================
Received Prepare
Registering precompiled user dll's ...
Registered in 0.001178 seconds.
Begin MonoManager ReloadAssembly
Native extension for WindowsStandalone target not found
Native extension for WebGL target not found
Refreshing native plugins compatible for Editor in 0.30 ms, found 1 plugins.
Preloading 0 native plugins for Editor in 0.00 ms.
Mono: successfully reloaded assembly
- Completed reload, in  0.746 seconds
Platform modules already initialized, skipping
Refreshing native plugins compatible for Editor in 0.31 ms, found 1 plugins.
Preloading 0 native plugins for Editor in 0.00 ms.
Unloading 1805 Unused Serialized files (Serialized files now loaded: 0)
System memory in use before: 88.4 MB.
System memory in use after: 88.4 MB.

Unloading 12 unused Assets to reduce memory usage. Loaded Objects now: 2317.
Total: 1.572000 ms (FindLiveObjects: 0.164300 ms CreateObjectMapping: 0.059100 ms MarkObjects: 1.267800 ms  DeleteObjects: 0.080100 ms)

========================================================================
Received Prepare
Registering precompiled user dll's ...
Registered in 0.000991 seconds.
Begin MonoManager ReloadAssembly
Native extension for WindowsStandalone target not found
Native extension for WebGL target not found
Refreshing native plugins compatible for Editor in 0.37 ms, found 1 plugins.
Preloading 0 native plugins for Editor in 0.00 ms.
Mono: successfully reloaded assembly
- Completed reload, in  0.718 seconds
Platform modules already initialized, skipping
Refreshing native plugins compatible for Editor in 0.32 ms, found 1 plugins.
Preloading 0 native plugins for Editor in 0.00 ms.
Unloading 1805 Unused Serialized files (Serialized files now loaded: 0)
System memory in use before: 88.4 MB.
System memory in use after: 88.4 MB.

Unloading 12 unused Assets to reduce memory usage. Loaded Objects now: 2321.
Total: 1.982000 ms (FindLiveObjects: 0.167000 ms CreateObjectMapping: 0.060200 ms MarkObjects: 1.634800 ms  DeleteObjects: 0.119300 ms)

========================================================================
Received Prepare
Registering precompiled user dll's ...
Registered in 0.000840 seconds.
Begin MonoManager ReloadAssembly
Native extension for WindowsStandalone target not found
Native extension for WebGL target not found
Refreshing native plugins compatible for Editor in 0.31 ms, found 1 plugins.
Preloading 0 native plugins for Editor in 0.00 ms.
Mono: successfully reloaded assembly
- Completed reload, in  0.720 seconds
Platform modules already initialized, skipping
Refreshing native plugins compatible for Editor in 0.30 ms, found 1 plugins.
Preloading 0 native plugins for Editor in 0.00 ms.
Unloading 1805 Unused Serialized files (Serialized files now loaded: 0)
System memory in use before: 88.4 MB.
System memory in use after: 88.4 MB.

Unloading 12 unused Assets to reduce memory usage. Loaded Objects now: 2325.
Total: 1.694200 ms (FindLiveObjects: 0.165400 ms CreateObjectMapping: 0.092000 ms MarkObjects: 1.350200 ms  DeleteObjects: 0.085900 ms)

========================================================================
Received Prepare
Registering precompiled user dll's ...
Registered in 0.000874 seconds.
Begin MonoManager ReloadAssembly
Native extension for WindowsStandalone target not found
Native extension for WebGL target not found
Refreshing native plugins compatible for Editor in 0.36 ms, found 1 plugins.
Preloading 0 native plugins for Editor in 0.00 ms.
Mono: successfully reloaded assembly
- Completed reload, in  0.803 seconds
Platform modules already initialized, skipping
Refreshing native plugins compatible for Editor in 0.29 ms, found 1 plugins.
Preloading 0 native plugins for Editor in 0.00 ms.
Unloading 1805 Unused Serialized files (Serialized files now loaded: 0)
System memory in use before: 88.4 MB.
System memory in use after: 88.4 MB.

Unloading 12 unused Assets to reduce memory usage. Loaded Objects now: 2329.
Total: 1.736800 ms (FindLiveObjects: 0.144500 ms CreateObjectMapping: 0.052800 ms MarkObjects: 1.391300 ms  DeleteObjects: 0.147600 ms)

========================================================================
Received Prepare
Registering precompiled user dll's ...
Registered in 0.000991 seconds.
Begin MonoManager ReloadAssembly
Native extension for WindowsStandalone target not found
Native extension for WebGL target not found
Refreshing native plugins compatible for Editor in 0.30 ms, found 1 plugins.
Preloading 0 native plugins for Editor in 0.00 ms.
Mono: successfully reloaded assembly
- Completed reload, in  0.678 seconds
Platform modules already initialized, skipping
Refreshing native plugins compatible for Editor in 0.32 ms, found 1 plugins.
Preloading 0 native plugins for Editor in 0.00 ms.
Unloading 1805 Unused Serialized files (Serialized files now loaded: 0)
System memory in use before: 88.5 MB.
System memory in use after: 88.4 MB.

Unloading 12 unused Assets to reduce memory usage. Loaded Objects now: 2333.
Total: 1.746600 ms (FindLiveObjects: 0.218800 ms CreateObjectMapping: 0.086000 ms MarkObjects: 1.353300 ms  DeleteObjects: 0.087700 ms)

========================================================================
Received Import Request.
  Time since last request: 221.277446 seconds.
  path: Assets/Font/8bitoperator
  artifactKey: Guid(065b60577c629af48a8b97943dec009c) Importer(815301076,1909f56bfc062723c751e8b465ee728b)
Start importing Assets/Font/8bitoperator using Guid(065b60577c629af48a8b97943dec009c) Importer(815301076,1909f56bfc062723c751e8b465ee728b)  -> (artifact id: '4966ce97e7708d1c4f9f0d82e1ff37bc') in 0.005454 seconds
  Import took 0.008302 seconds .

========================================================================
Received Import Request.
  Time since last request: 0.056047 seconds.
  path: Assets/Font/8bitoperator/8bitoperator.ttf
  artifactKey: Guid(86cd45aef4799b2439ee1d61f5a79ee0) Importer(815301076,1909f56bfc062723c751e8b465ee728b)
Start importing Assets/Font/8bitoperator/8bitoperator.ttf using Guid(86cd45aef4799b2439ee1d61f5a79ee0) Importer(815301076,1909f56bfc062723c751e8b465ee728b)  -> (artifact id: '5898410c68d81f4402d5385e4a68112c') in 0.045042 seconds
  Import took 0.047515 seconds .

========================================================================
Received Import Request.
  Time since last request: 1.357813 seconds.
  path: Assets/Font/8bitoperator/readme.txt
  artifactKey: Guid(9387015e77eb8b0439bc23b83e6709d0) Importer(815301076,1909f56bfc062723c751e8b465ee728b)
Start importing Assets/Font/8bitoperator/readme.txt using Guid(9387015e77eb8b0439bc23b83e6709d0) Importer(815301076,1909f56bfc062723c751e8b465ee728b)  -> (artifact id: '920af58ce0149feff869f3818b6cbd2a') in 0.006164 seconds
  Import took 0.008659 seconds .

========================================================================
Received Import Request.
  Time since last request: 0.000310 seconds.
  path: Assets/Font/8bitoperator/readme.txt
  artifactKey: Guid(9387015e77eb8b0439bc23b83e6709d0) Importer(815301076,1909f56bfc062723c751e8b465ee728b)
Start importing Assets/Font/8bitoperator/readme.txt using Guid(9387015e77eb8b0439bc23b83e6709d0) Importer(815301076,1909f56bfc062723c751e8b465ee728b)  -> (artifact id: '920af58ce0149feff869f3818b6cbd2a') in 0.002638 seconds
  Import took 0.004972 seconds .

========================================================================
Received Prepare
Registering precompiled user dll's ...
Registered in 0.001081 seconds.
Begin MonoManager ReloadAssembly
Native extension for WindowsStandalone target not found
Native extension for WebGL target not found
Refreshing native plugins compatible for Editor in 0.30 ms, found 1 plugins.
Preloading 0 native plugins for Editor in 0.00 ms.
Mono: successfully reloaded assembly
- Completed reload, in  0.682 seconds
Platform modules already initialized, skipping
Refreshing native plugins compatible for Editor in 0.30 ms, found 1 plugins.
Preloading 0 native plugins for Editor in 0.00 ms.
Unloading 1805 Unused Serialized files (Serialized files now loaded: 0)
System memory in use before: 88.5 MB.
System memory in use after: 88.5 MB.

Unloading 12 unused Assets to reduce memory usage. Loaded Objects now: 2339.
Total: 1.536900 ms (FindLiveObjects: 0.160000 ms CreateObjectMapping: 0.055100 ms MarkObjects: 1.239500 ms  DeleteObjects: 0.081600 ms)

========================================================================
Received Import Request.
  Time since last request: 777.900634 seconds.
  path: Assets/Imagenes/PisoCasa1.jpg
  artifactKey: Guid(088ec4917e4afee4496b641f00d22f85) Importer(815301076,1909f56bfc062723c751e8b465ee728b)
Start importing Assets/Imagenes/PisoCasa1.jpg using Guid(088ec4917e4afee4496b641f00d22f85) Importer(815301076,1909f56bfc062723c751e8b465ee728b)  -> (artifact id: '95c12102ac631a3c097d78ae0d5e6dda') in 0.043307 seconds
  Import took 0.046321 seconds .

========================================================================
Received Import Request.
  Time since last request: 0.000143 seconds.
  path: Assets/Imagenes/PisoCasa2.jpg
  artifactKey: Guid(2f1c1361d5a1c0c428a08807b14943ea) Importer(815301076,1909f56bfc062723c751e8b465ee728b)
Start importing Assets/Imagenes/PisoCasa2.jpg using Guid(2f1c1361d5a1c0c428a08807b14943ea) Importer(815301076,1909f56bfc062723c751e8b465ee728b)  -> (artifact id: '8dac49569d8d0111675ceaa56fa83262') in 0.007609 seconds
  Import took 0.009918 seconds .

========================================================================
Received Import Request.
  Time since last request: 0.000214 seconds.
  path: Assets/Imagenes/PisoCasa3.jpg
  artifactKey: Guid(aa2c3d88c326cb34998f2bf5486ebea2) Importer(815301076,1909f56bfc062723c751e8b465ee728b)
Start importing Assets/Imagenes/PisoCasa3.jpg using Guid(aa2c3d88c326cb34998f2bf5486ebea2) Importer(815301076,1909f56bfc062723c751e8b465ee728b)  -> (artifact id: '630096c58aa28ff4d2bd9504be3a72f1') in 0.009353 seconds
  Import took 0.011791 seconds .

========================================================================
Received Import Request.
  Time since last request: 545.642229 seconds.
  path: Assets/Imagenes/Hist1.png
  artifactKey: Guid(514b6d5ef39e0e84091f4c5b7eb748ea) Importer(815301076,1909f56bfc062723c751e8b465ee728b)
Start importing Assets/Imagenes/Hist1.png using Guid(514b6d5ef39e0e84091f4c5b7eb748ea) Importer(815301076,1909f56bfc062723c751e8b465ee728b)  -> (artifact id: '10abf0ebaa7423f45021ac119f18694d') in 0.014366 seconds
  Import took 0.017531 seconds .

========================================================================
Received Import Request.
  Time since last request: 635.661590 seconds.
  path: Assets/Imagenes/Hist1.png
  artifactKey: Guid(514b6d5ef39e0e84091f4c5b7eb748ea) Importer(815301076,1909f56bfc062723c751e8b465ee728b)
Start importing Assets/Imagenes/Hist1.png using Guid(514b6d5ef39e0e84091f4c5b7eb748ea) Importer(815301076,1909f56bfc062723c751e8b465ee728b)  -> (artifact id: '4f12745b6cf714194dbe3aebefd85351') in 0.018454 seconds
  Import took 0.030409 seconds .

========================================================================
Received Import Request.
  Time since last request: 100.141656 seconds.
  path: Assets/Imagenes/Hist1.jpg
  artifactKey: Guid(cabd239f9e4bd604c9c66ed824e1e7bb) Importer(815301076,1909f56bfc062723c751e8b465ee728b)
Start importing Assets/Imagenes/Hist1.jpg using Guid(cabd239f9e4bd604c9c66ed824e1e7bb) Importer(815301076,1909f56bfc062723c751e8b465ee728b)  -> (artifact id: '50ef4be5dd3b9fdbed7e8b5bbffd8891') in 0.014594 seconds
  Import took 0.018439 seconds .

========================================================================
Received Import Request.
  Time since last request: 0.005162 seconds.
  path: Assets/Imagenes/Hist1.jpg
  artifactKey: Guid(cabd239f9e4bd604c9c66ed824e1e7bb) Importer(815301076,1909f56bfc062723c751e8b465ee728b)
Start importing Assets/Imagenes/Hist1.jpg using Guid(cabd239f9e4bd604c9c66ed824e1e7bb) Importer(815301076,1909f56bfc062723c751e8b465ee728b)  -> (artifact id: '50ef4be5dd3b9fdbed7e8b5bbffd8891') in 0.016054 seconds
  Import took 0.019063 seconds .

========================================================================
Received Import Request.
  Time since last request: 372.623611 seconds.
  path: Assets/Imagenes/Hist2.png
  artifactKey: Guid(afaa2cb920472d246bb7557f00e41bd9) Importer(815301076,1909f56bfc062723c751e8b465ee728b)
Start importing Assets/Imagenes/Hist2.png using Guid(afaa2cb920472d246bb7557f00e41bd9) Importer(815301076,1909f56bfc062723c751e8b465ee728b)  -> (artifact id: 'a941958385d4eb1c16d35821e1d73575') in 0.015436 seconds
  Import took 0.018682 seconds .

========================================================================
Received Prepare
Registering precompiled user dll's ...
Registered in 0.000963 seconds.
Begin MonoManager ReloadAssembly
Native extension for WindowsStandalone target not found
Native extension for WebGL target not found
Refreshing native plugins compatible for Editor in 0.30 ms, found 1 plugins.
Preloading 0 native plugins for Editor in 0.00 ms.
Mono: successfully reloaded assembly
- Completed reload, in  0.694 seconds
Platform modules already initialized, skipping
Refreshing native plugins compatible for Editor in 0.30 ms, found 1 plugins.
Preloading 0 native plugins for Editor in 0.00 ms.
Unloading 1805 Unused Serialized files (Serialized files now loaded: 0)
System memory in use before: 88.5 MB.
System memory in use after: 88.5 MB.

Unloading 12 unused Assets to reduce memory usage. Loaded Objects now: 2344.
Total: 1.598800 ms (FindLiveObjects: 0.147800 ms CreateObjectMapping: 0.075900 ms MarkObjects: 1.293100 ms  DeleteObjects: 0.081500 ms)

========================================================================
Received Import Request.
  Time since last request: 412.800705 seconds.
  path: Assets/Imagenes/Hist2.png
  artifactKey: Guid(afaa2cb920472d246bb7557f00e41bd9) Importer(815301076,1909f56bfc062723c751e8b465ee728b)
Start importing Assets/Imagenes/Hist2.png using Guid(afaa2cb920472d246bb7557f00e41bd9) Importer(815301076,1909f56bfc062723c751e8b465ee728b)  -> (artifact id: 'a8376d4fd919c4a756886ebeeba2de2e') in 0.039778 seconds
  Import took 0.042644 seconds .

========================================================================
Received Import Request.
  Time since last request: 131.022866 seconds.
  path: Assets/Imagenes/Hist2.jpg
  artifactKey: Guid(290916c790ff66443b223974cbb13dce) Importer(815301076,1909f56bfc062723c751e8b465ee728b)
Start importing Assets/Imagenes/Hist2.jpg using Guid(290916c790ff66443b223974cbb13dce) Importer(815301076,1909f56bfc062723c751e8b465ee728b)  -> (artifact id: 'fd871b059c71ea2c654dd695dd3560a2') in 0.015282 seconds
  Import took 0.017773 seconds .

========================================================================
Received Prepare
Registering precompiled user dll's ...
Registered in 0.000933 seconds.
Begin MonoManager ReloadAssembly
Native extension for WindowsStandalone target not found
Native extension for WebGL target not found
Refreshing native plugins compatible for Editor in 0.30 ms, found 1 plugins.
Preloading 0 native plugins for Editor in 0.00 ms.
Mono: successfully reloaded assembly
- Completed reload, in  0.719 seconds
Platform modules already initialized, skipping
Refreshing native plugins compatible for Editor in 0.31 ms, found 1 plugins.
Preloading 0 native plugins for Editor in 0.00 ms.
Unloading 1805 Unused Serialized files (Serialized files now loaded: 0)
System memory in use before: 88.5 MB.
System memory in use after: 88.5 MB.

Unloading 12 unused Assets to reduce memory usage. Loaded Objects now: 2349.
Total: 1.651900 ms (FindLiveObjects: 0.182200 ms CreateObjectMapping: 0.067700 ms MarkObjects: 1.316000 ms  DeleteObjects: 0.085100 ms)

========================================================================
Received Prepare
Registering precompiled user dll's ...
Registered in 0.000843 seconds.
Begin MonoManager ReloadAssembly
Native extension for WindowsStandalone target not found
Native extension for WebGL target not found
Refreshing native plugins compatible for Editor in 0.30 ms, found 1 plugins.
Preloading 0 native plugins for Editor in 0.00 ms.
Mono: successfully reloaded assembly
- Completed reload, in  0.727 seconds
Platform modules already initialized, skipping
Refreshing native plugins compatible for Editor in 0.31 ms, found 1 plugins.
Preloading 0 native plugins for Editor in 0.00 ms.
Unloading 1805 Unused Serialized files (Serialized files now loaded: 0)
System memory in use before: 88.5 MB.
System memory in use after: 88.5 MB.

Unloading 12 unused Assets to reduce memory usage. Loaded Objects now: 2353.
Total: 1.583800 ms (FindLiveObjects: 0.168800 ms CreateObjectMapping: 0.064000 ms MarkObjects: 1.261900 ms  DeleteObjects: 0.088500 ms)

========================================================================
Received Prepare
Registering precompiled user dll's ...
Registered in 0.001116 seconds.
Begin MonoManager ReloadAssembly
Native extension for WindowsStandalone target not found
Native extension for WebGL target not found
Refreshing native plugins compatible for Editor in 0.30 ms, found 1 plugins.
Preloading 0 native plugins for Editor in 0.00 ms.
Mono: successfully reloaded assembly
- Completed reload, in  0.724 seconds
Platform modules already initialized, skipping
Refreshing native plugins compatible for Editor in 0.31 ms, found 1 plugins.
Preloading 0 native plugins for Editor in 0.00 ms.
Unloading 1805 Unused Serialized files (Serialized files now loaded: 0)
System memory in use before: 88.5 MB.
System memory in use after: 88.5 MB.

Unloading 12 unused Assets to reduce memory usage. Loaded Objects now: 2357.
Total: 1.557300 ms (FindLiveObjects: 0.156700 ms CreateObjectMapping: 0.056300 ms MarkObjects: 1.259300 ms  DeleteObjects: 0.084100 ms)

========================================================================
Received Prepare
Registering precompiled user dll's ...
Registered in 0.000926 seconds.
Begin MonoManager ReloadAssembly
Native extension for WindowsStandalone target not found
Native extension for WebGL target not found
Refreshing native plugins compatible for Editor in 0.31 ms, found 1 plugins.
Preloading 0 native plugins for Editor in 0.00 ms.
Mono: successfully reloaded assembly
- Completed reload, in  0.732 seconds
Platform modules already initialized, skipping
Refreshing native plugins compatible for Editor in 0.30 ms, found 1 plugins.
Preloading 0 native plugins for Editor in 0.00 ms.
Unloading 1805 Unused Serialized files (Serialized files now loaded: 0)
System memory in use before: 88.5 MB.
System memory in use after: 88.5 MB.

Unloading 12 unused Assets to reduce memory usage. Loaded Objects now: 2361.
Total: 1.683100 ms (FindLiveObjects: 0.244400 ms CreateObjectMapping: 0.090600 ms MarkObjects: 1.261500 ms  DeleteObjects: 0.085900 ms)

========================================================================
Received Prepare
Registering precompiled user dll's ...
Registered in 0.001010 seconds.
Begin MonoManager ReloadAssembly
Native extension for WindowsStandalone target not found
Native extension for WebGL target not found
Refreshing native plugins compatible for Editor in 0.30 ms, found 1 plugins.
Preloading 0 native plugins for Editor in 0.00 ms.
Mono: successfully reloaded assembly
- Completed reload, in  0.686 seconds
Platform modules already initialized, skipping
Refreshing native plugins compatible for Editor in 0.30 ms, found 1 plugins.
Preloading 0 native plugins for Editor in 0.00 ms.
Unloading 1805 Unused Serialized files (Serialized files now loaded: 0)
System memory in use before: 88.5 MB.
System memory in use after: 88.5 MB.

Unloading 12 unused Assets to reduce memory usage. Loaded Objects now: 2365.
Total: 1.703600 ms (FindLiveObjects: 0.170000 ms CreateObjectMapping: 0.063800 ms MarkObjects: 1.358000 ms  DeleteObjects: 0.111200 ms)

========================================================================
Received Import Request.
  Time since last request: 182.474324 seconds.
  path: Assets/Scripts/SimpleDialog1.cs
  artifactKey: Guid(2b9868e833e27b340b71f6f322620f95) Importer(815301076,1909f56bfc062723c751e8b465ee728b)
Start importing Assets/Scripts/SimpleDialog1.cs using Guid(2b9868e833e27b340b71f6f322620f95) Importer(815301076,1909f56bfc062723c751e8b465ee728b)  -> (artifact id: '1b5f98316c38bb6d6baf0257127d2867') in 0.008854 seconds
  Import took 0.011469 seconds .

========================================================================
Received Import Request.
  Time since last request: 0.000951 seconds.
  path: Assets/Scripts/SimpleDialog1.cs
  artifactKey: Guid(2b9868e833e27b340b71f6f322620f95) Importer(815301076,1909f56bfc062723c751e8b465ee728b)
Start importing Assets/Scripts/SimpleDialog1.cs using Guid(2b9868e833e27b340b71f6f322620f95) Importer(815301076,1909f56bfc062723c751e8b465ee728b)  -> (artifact id: '1b5f98316c38bb6d6baf0257127d2867') in 0.002504 seconds
  Import took 0.004818 seconds .

========================================================================
Received Prepare
Registering precompiled user dll's ...
Registered in 0.000962 seconds.
Begin MonoManager ReloadAssembly
Native extension for WindowsStandalone target not found
Native extension for WebGL target not found
Refreshing native plugins compatible for Editor in 0.32 ms, found 1 plugins.
Preloading 0 native plugins for Editor in 0.00 ms.
Mono: successfully reloaded assembly
- Completed reload, in  0.692 seconds
Platform modules already initialized, skipping
Refreshing native plugins compatible for Editor in 0.30 ms, found 1 plugins.
Preloading 0 native plugins for Editor in 0.00 ms.
Unloading 1805 Unused Serialized files (Serialized files now loaded: 0)
System memory in use before: 88.6 MB.
System memory in use after: 88.5 MB.

Unloading 12 unused Assets to reduce memory usage. Loaded Objects now: 2369.
Total: 1.534600 ms (FindLiveObjects: 0.150200 ms CreateObjectMapping: 0.051700 ms MarkObjects: 1.250700 ms  DeleteObjects: 0.081300 ms)

========================================================================
Received Import Request.
  Time since last request: 12.617143 seconds.
  path: Assets/Scenes/SampleScene.unity
  artifactKey: Guid(2cda990e2423bbf4892e6590ba056729) Importer(815301076,1909f56bfc062723c751e8b465ee728b)
Start importing Assets/Scenes/SampleScene.unity using Guid(2cda990e2423bbf4892e6590ba056729) Importer(815301076,1909f56bfc062723c751e8b465ee728b)  -> (artifact id: '216cff3fb7dae228dc25953ae6c331b4') in 0.009657 seconds
  Import took 0.012085 seconds .

========================================================================
Received Import Request.
  Time since last request: 3.575154 seconds.
  path: Assets/Scenes/ListaDeDialogos.unity
  artifactKey: Guid(72a6fcb8f1b68d44ea860a824057e30b) Importer(815301076,1909f56bfc062723c751e8b465ee728b)
Start importing Assets/Scenes/ListaDeDialogos.unity using Guid(72a6fcb8f1b68d44ea860a824057e30b) Importer(815301076,1909f56bfc062723c751e8b465ee728b)  -> (artifact id: '9a4c4a8693de05783996de1bb147e048') in 0.002858 seconds
  Import took 0.005260 seconds .

========================================================================
Received Import Request.
  Time since last request: 7.120921 seconds.
  path: Assets/Scripts/MutiDialog1.cs
  artifactKey: Guid(9718bb8138690634a88f57a8f4170ffb) Importer(815301076,1909f56bfc062723c751e8b465ee728b)
Start importing Assets/Scripts/MutiDialog1.cs using Guid(9718bb8138690634a88f57a8f4170ffb) Importer(815301076,1909f56bfc062723c751e8b465ee728b)  -> (artifact id: '698f144879a9c1dffb06f8f97900d371') in 0.002663 seconds
  Import took 0.005227 seconds .

========================================================================
Received Import Request.
  Time since last request: 5.078664 seconds.
  path: Assets/Scripts/MutiDialogImagenes.cs
  artifactKey: Guid(9718bb8138690634a88f57a8f4170ffb) Importer(815301076,1909f56bfc062723c751e8b465ee728b)
Start importing Assets/Scripts/MutiDialogImagenes.cs using Guid(9718bb8138690634a88f57a8f4170ffb) Importer(815301076,1909f56bfc062723c751e8b465ee728b)  -> (artifact id: '87f43476eec132a8721a8c4c900b5e11') in 0.002614 seconds
  Import took 0.005108 seconds .

========================================================================
Received Prepare
Registering precompiled user dll's ...
Registered in 0.001021 seconds.
Begin MonoManager ReloadAssembly
Native extension for WindowsStandalone target not found
Native extension for WebGL target not found
Refreshing native plugins compatible for Editor in 0.30 ms, found 1 plugins.
Preloading 0 native plugins for Editor in 0.00 ms.
Mono: successfully reloaded assembly
- Completed reload, in  0.684 seconds
Platform modules already initialized, skipping
Refreshing native plugins compatible for Editor in 0.31 ms, found 1 plugins.
Preloading 0 native plugins for Editor in 0.00 ms.
Unloading 1806 Unused Serialized files (Serialized files now loaded: 0)
System memory in use before: 88.6 MB.
System memory in use after: 88.6 MB.

Unloading 12 unused Assets to reduce memory usage. Loaded Objects now: 2374.
Total: 1.553500 ms (FindLiveObjects: 0.153900 ms CreateObjectMapping: 0.055200 ms MarkObjects: 1.260800 ms  DeleteObjects: 0.082800 ms)

========================================================================
Received Import Request.
  Time since last request: 40.723937 seconds.
  path: Assets/Scripts/MutiDialogImagenes.cs
  artifactKey: Guid(9718bb8138690634a88f57a8f4170ffb) Importer(815301076,1909f56bfc062723c751e8b465ee728b)
Start importing Assets/Scripts/MutiDialogImagenes.cs using Guid(9718bb8138690634a88f57a8f4170ffb) Importer(815301076,1909f56bfc062723c751e8b465ee728b)  -> (artifact id: '9ccd9fff785b375c9e73163609869120') in 0.004953 seconds
  Import took 0.007350 seconds .

========================================================================
Received Prepare
Registering precompiled user dll's ...
Registered in 0.000858 seconds.
Begin MonoManager ReloadAssembly
Native extension for WindowsStandalone target not found
Native extension for WebGL target not found
Refreshing native plugins compatible for Editor in 0.30 ms, found 1 plugins.
Preloading 0 native plugins for Editor in 0.00 ms.
Mono: successfully reloaded assembly
- Completed reload, in  0.684 seconds
Platform modules already initialized, skipping
Refreshing native plugins compatible for Editor in 0.30 ms, found 1 plugins.
Preloading 0 native plugins for Editor in 0.00 ms.
Unloading 1806 Unused Serialized files (Serialized files now loaded: 0)
System memory in use before: 88.6 MB.
System memory in use after: 88.6 MB.

Unloading 12 unused Assets to reduce memory usage. Loaded Objects now: 2378.
Total: 1.618300 ms (FindLiveObjects: 0.201800 ms CreateObjectMapping: 0.061500 ms MarkObjects: 1.273600 ms  DeleteObjects: 0.080600 ms)

========================================================================
Received Import Request.
  Time since last request: 277.293215 seconds.
  path: Assets/Sonidos/graham-kartna-browser-history-ena-song-slowed-reverbed.mp3
  artifactKey: Guid(85ffea6718557f34a9aff35b23c04075) Importer(815301076,1909f56bfc062723c751e8b465ee728b)
Start importing Assets/Sonidos/graham-kartna-browser-history-ena-song-slowed-reverbed.mp3 using Guid(85ffea6718557f34a9aff35b23c04075) Importer(815301076,1909f56bfc062723c751e8b465ee728b)  -> (artifact id: '804d4cb329dd28054450f2dba755f2c9') in 0.044620 seconds
  Import took 0.047200 seconds .

========================================================================
Received Prepare
Registering precompiled user dll's ...
Registered in 0.001024 seconds.
Begin MonoManager ReloadAssembly
Native extension for WindowsStandalone target not found
Native extension for WebGL target not found
Refreshing native plugins compatible for Editor in 0.30 ms, found 1 plugins.
Preloading 0 native plugins for Editor in 0.00 ms.
Mono: successfully reloaded assembly
- Completed reload, in  0.698 seconds
Platform modules already initialized, skipping
Refreshing native plugins compatible for Editor in 0.33 ms, found 1 plugins.
Preloading 0 native plugins for Editor in 0.00 ms.
Unloading 1806 Unused Serialized files (Serialized files now loaded: 0)
System memory in use before: 88.7 MB.
System memory in use after: 88.7 MB.

Unloading 12 unused Assets to reduce memory usage. Loaded Objects now: 2385.
Total: 1.701800 ms (FindLiveObjects: 0.176700 ms CreateObjectMapping: 0.065100 ms MarkObjects: 1.373400 ms  DeleteObjects: 0.085900 ms)

========================================================================
Received Prepare
Registering precompiled user dll's ...
Registered in 0.000969 seconds.
Begin MonoManager ReloadAssembly
Native extension for WindowsStandalone target not found
Native extension for WebGL target not found
Refreshing native plugins compatible for Editor in 0.30 ms, found 1 plugins.
Preloading 0 native plugins for Editor in 0.00 ms.
Mono: successfully reloaded assembly
- Completed reload, in  0.692 seconds
Platform modules already initialized, skipping
Refreshing native plugins compatible for Editor in 0.32 ms, found 1 plugins.
Preloading 0 native plugins for Editor in 0.00 ms.
Unloading 1806 Unused Serialized files (Serialized files now loaded: 0)
System memory in use before: 88.7 MB.
System memory in use after: 88.7 MB.

Unloading 12 unused Assets to reduce memory usage. Loaded Objects now: 2389.
Total: 1.651500 ms (FindLiveObjects: 0.175900 ms CreateObjectMapping: 0.063200 ms MarkObjects: 1.323000 ms  DeleteObjects: 0.088400 ms)

========================================================================
Received Prepare
Registering precompiled user dll's ...
Registered in 0.001006 seconds.
Begin MonoManager ReloadAssembly
Native extension for WindowsStandalone target not found
Native extension for WebGL target not found
Refreshing native plugins compatible for Editor in 0.30 ms, found 1 plugins.
Preloading 0 native plugins for Editor in 0.00 ms.
Mono: successfully reloaded assembly
- Completed reload, in  1.501 seconds
Platform modules already initialized, skipping
Refreshing native plugins compatible for Editor in 0.30 ms, found 1 plugins.
Preloading 0 native plugins for Editor in 0.00 ms.
Unloading 1806 Unused Serialized files (Serialized files now loaded: 0)
System memory in use before: 88.7 MB.
System memory in use after: 88.7 MB.

Unloading 12 unused Assets to reduce memory usage. Loaded Objects now: 2393.
Total: 1.842000 ms (FindLiveObjects: 0.214700 ms CreateObjectMapping: 0.066200 ms MarkObjects: 1.425800 ms  DeleteObjects: 0.134700 ms)

========================================================================
Received Prepare
Registering precompiled user dll's ...
Registered in 0.000935 seconds.
Begin MonoManager ReloadAssembly
Native extension for WindowsStandalone target not found
Native extension for WebGL target not found
Refreshing native plugins compatible for Editor in 0.31 ms, found 1 plugins.
Preloading 0 native plugins for Editor in 0.00 ms.
Mono: successfully reloaded assembly
- Completed reload, in  0.698 seconds
Platform modules already initialized, skipping
Refreshing native plugins compatible for Editor in 0.30 ms, found 1 plugins.
Preloading 0 native plugins for Editor in 0.00 ms.
Unloading 1806 Unused Serialized files (Serialized files now loaded: 0)
System memory in use before: 88.7 MB.
System memory in use after: 88.7 MB.

Unloading 12 unused Assets to reduce memory usage. Loaded Objects now: 2397.
Total: 1.589700 ms (FindLiveObjects: 0.170100 ms CreateObjectMapping: 0.064800 ms MarkObjects: 1.272300 ms  DeleteObjects: 0.081900 ms)

========================================================================
Received Prepare
Registering precompiled user dll's ...
Registered in 0.002409 seconds.
Begin MonoManager ReloadAssembly
Native extension for WindowsStandalone target not found
Native extension for WebGL target not found
Refreshing native plugins compatible for Editor in 0.31 ms, found 1 plugins.
Preloading 0 native plugins for Editor in 0.00 ms.
Mono: successfully reloaded assembly
- Completed reload, in  0.688 seconds
Platform modules already initialized, skipping
Refreshing native plugins compatible for Editor in 0.33 ms, found 1 plugins.
Preloading 0 native plugins for Editor in 0.00 ms.
Unloading 1806 Unused Serialized files (Serialized files now loaded: 0)
System memory in use before: 88.7 MB.
System memory in use after: 88.7 MB.

Unloading 12 unused Assets to reduce memory usage. Loaded Objects now: 2401.
Total: 1.571300 ms (FindLiveObjects: 0.157200 ms CreateObjectMapping: 0.051500 ms MarkObjects: 1.279900 ms  DeleteObjects: 0.082000 ms)

========================================================================
Received Import Request.
  Time since last request: 542.365921 seconds.
  path: Assets/Imagenes/Hist3.png
  artifactKey: Guid(11b0c528edef4bf4890ef7f4d6b92be2) Importer(815301076,1909f56bfc062723c751e8b465ee728b)
Start importing Assets/Imagenes/Hist3.png using Guid(11b0c528edef4bf4890ef7f4d6b92be2) Importer(815301076,1909f56bfc062723c751e8b465ee728b)  -> (artifact id: 'aa8f2224f8a2acadcef33f92ca88d515') in 0.064772 seconds
  Import took 0.067543 seconds .

========================================================================
Received Import Request.
  Time since last request: 37.315505 seconds.
  path: Assets/Imagenes/Hist3.jpg
  artifactKey: Guid(efaf52686b45d68469f809aefd10adfe) Importer(815301076,1909f56bfc062723c751e8b465ee728b)
Start importing Assets/Imagenes/Hist3.jpg using Guid(efaf52686b45d68469f809aefd10adfe) Importer(815301076,1909f56bfc062723c751e8b465ee728b)  -> (artifact id: '76cd91e25f99736c94c8e60a7df35b57') in 0.012056 seconds
  Import took 0.014545 seconds .

========================================================================
Received Prepare
Registering precompiled user dll's ...
Registered in 0.000981 seconds.
Begin MonoManager ReloadAssembly
Native extension for WindowsStandalone target not found
Native extension for WebGL target not found
Refreshing native plugins compatible for Editor in 0.30 ms, found 1 plugins.
Preloading 0 native plugins for Editor in 0.00 ms.
Mono: successfully reloaded assembly
- Completed reload, in  0.707 seconds
Platform modules already initialized, skipping
Refreshing native plugins compatible for Editor in 0.31 ms, found 1 plugins.
Preloading 0 native plugins for Editor in 0.00 ms.
Unloading 1806 Unused Serialized files (Serialized files now loaded: 0)
System memory in use before: 88.7 MB.
System memory in use after: 88.7 MB.

Unloading 12 unused Assets to reduce memory usage. Loaded Objects now: 2406.
Total: 1.587100 ms (FindLiveObjects: 0.165600 ms CreateObjectMapping: 0.055000 ms MarkObjects: 1.277500 ms  DeleteObjects: 0.088200 ms)

========================================================================
Received Prepare
Registering precompiled user dll's ...
Registered in 0.001027 seconds.
Begin MonoManager ReloadAssembly
Native extension for WindowsStandalone target not found
Native extension for WebGL target not found
Refreshing native plugins compatible for Editor in 0.31 ms, found 1 plugins.
Preloading 0 native plugins for Editor in 0.00 ms.
Mono: successfully reloaded assembly
- Completed reload, in  0.707 seconds
Platform modules already initialized, skipping
Refreshing native plugins compatible for Editor in 0.30 ms, found 1 plugins.
Preloading 0 native plugins for Editor in 0.00 ms.
Unloading 1806 Unused Serialized files (Serialized files now loaded: 0)
System memory in use before: 88.7 MB.
System memory in use after: 88.7 MB.

Unloading 12 unused Assets to reduce memory usage. Loaded Objects now: 2410.
Total: 1.553500 ms (FindLiveObjects: 0.154700 ms CreateObjectMapping: 0.052700 ms MarkObjects: 1.265800 ms  DeleteObjects: 0.079700 ms)

========================================================================
Received Import Request.
  Time since last request: 130.939630 seconds.
  path: Assets/Imagenes/Hist4.png
  artifactKey: Guid(2f4f706823487fb4ebeab8252c0c0f75) Importer(815301076,1909f56bfc062723c751e8b465ee728b)
Start importing Assets/Imagenes/Hist4.png using Guid(2f4f706823487fb4ebeab8252c0c0f75) Importer(815301076,1909f56bfc062723c751e8b465ee728b)  -> (artifact id: '8d509f496207073815a515275c9d1ecd') in 0.045795 seconds
  Import took 0.048332 seconds .

========================================================================
Received Import Request.
  Time since last request: 28.180294 seconds.
  path: Assets/Imagenes/Hist4.jpg
  artifactKey: Guid(274e8225aebf05742983f52480b0d9af) Importer(815301076,1909f56bfc062723c751e8b465ee728b)
Start importing Assets/Imagenes/Hist4.jpg using Guid(274e8225aebf05742983f52480b0d9af) Importer(815301076,1909f56bfc062723c751e8b465ee728b)  -> (artifact id: '4a89deb281071f25f81c5250b38e6e9b') in 0.011023 seconds
  Import took 0.013617 seconds .

========================================================================
Received Prepare
Registering precompiled user dll's ...
Registered in 0.001202 seconds.
Begin MonoManager ReloadAssembly
Native extension for WindowsStandalone target not found
Native extension for WebGL target not found
Refreshing native plugins compatible for Editor in 0.30 ms, found 1 plugins.
Preloading 0 native plugins for Editor in 0.00 ms.
Mono: successfully reloaded assembly
- Completed reload, in  0.685 seconds
Platform modules already initialized, skipping
Refreshing native plugins compatible for Editor in 0.30 ms, found 1 plugins.
Preloading 0 native plugins for Editor in 0.00 ms.
Unloading 1806 Unused Serialized files (Serialized files now loaded: 0)
System memory in use before: 88.7 MB.
System memory in use after: 88.7 MB.

Unloading 12 unused Assets to reduce memory usage. Loaded Objects now: 2415.
Total: 1.596700 ms (FindLiveObjects: 0.174900 ms CreateObjectMapping: 0.056600 ms MarkObjects: 1.285200 ms  DeleteObjects: 0.079300 ms)

========================================================================
Received Import Request.
  Time since last request: 59.115599 seconds.
  path: Assets/Scenes/ListaDeDialogos.unity
  artifactKey: Guid(72a6fcb8f1b68d44ea860a824057e30b) Importer(815301076,1909f56bfc062723c751e8b465ee728b)
Start importing Assets/Scenes/ListaDeDialogos.unity using Guid(72a6fcb8f1b68d44ea860a824057e30b) Importer(815301076,1909f56bfc062723c751e8b465ee728b)  -> (artifact id: '81b296a331616aad93fc20ee7d033967') in 0.009622 seconds
  Import took 0.012152 seconds .

========================================================================
Received Import Request.
  Time since last request: 6.632815 seconds.
  path: Assets/Scenes/ListaDeDialogosImagenes.unity
  artifactKey: Guid(6609507d4737f9949a8aa56fd890f23e) Importer(815301076,1909f56bfc062723c751e8b465ee728b)
Start importing Assets/Scenes/ListaDeDialogosImagenes.unity using Guid(6609507d4737f9949a8aa56fd890f23e) Importer(815301076,1909f56bfc062723c751e8b465ee728b)  -> (artifact id: 'fc3484bf75e21373f53647fddeab3dd2') in 0.002889 seconds
  Import took 0.005326 seconds .

========================================================================
Received Prepare
Registering precompiled user dll's ...
Registered in 0.001005 seconds.
Begin MonoManager ReloadAssembly
Native extension for WindowsStandalone target not found
Native extension for WebGL target not found
Refreshing native plugins compatible for Editor in 0.30 ms, found 1 plugins.
Preloading 0 native plugins for Editor in 0.00 ms.
Mono: successfully reloaded assembly
- Completed reload, in  0.734 seconds
Platform modules already initialized, skipping
Refreshing native plugins compatible for Editor in 0.30 ms, found 1 plugins.
Preloading 0 native plugins for Editor in 0.00 ms.
Unloading 1806 Unused Serialized files (Serialized files now loaded: 0)
System memory in use before: 88.8 MB.
System memory in use after: 88.7 MB.

Unloading 12 unused Assets to reduce memory usage. Loaded Objects now: 2419.
Total: 2.421600 ms (FindLiveObjects: 0.266000 ms CreateObjectMapping: 0.094300 ms MarkObjects: 1.880600 ms  DeleteObjects: 0.179600 ms)

========================================================================
Received Prepare
Registering precompiled user dll's ...
Registered in 0.000905 seconds.
Begin MonoManager ReloadAssembly
Native extension for WindowsStandalone target not found
Native extension for WebGL target not found
Refreshing native plugins compatible for Editor in 0.35 ms, found 1 plugins.
Preloading 0 native plugins for Editor in 0.00 ms.
Mono: successfully reloaded assembly
- Completed reload, in  0.708 seconds
Platform modules already initialized, skipping
Refreshing native plugins compatible for Editor in 0.32 ms, found 1 plugins.
Preloading 0 native plugins for Editor in 0.00 ms.
Unloading 1806 Unused Serialized files (Serialized files now loaded: 0)
System memory in use before: 88.8 MB.
System memory in use after: 88.7 MB.

Unloading 12 unused Assets to reduce memory usage. Loaded Objects now: 2423.
Total: 2.185300 ms (FindLiveObjects: 0.204100 ms CreateObjectMapping: 0.104800 ms MarkObjects: 1.774100 ms  DeleteObjects: 0.101200 ms)

========================================================================
Received Prepare
Registering precompiled user dll's ...
Registered in 0.001122 seconds.
Begin MonoManager ReloadAssembly
Native extension for WindowsStandalone target not found
Native extension for WebGL target not found
Refreshing native plugins compatible for Editor in 0.32 ms, found 1 plugins.
Preloading 0 native plugins for Editor in 0.00 ms.
Mono: successfully reloaded assembly
- Completed reload, in  0.694 seconds
Platform modules already initialized, skipping
Refreshing native plugins compatible for Editor in 0.32 ms, found 1 plugins.
Preloading 0 native plugins for Editor in 0.00 ms.
Unloading 1806 Unused Serialized files (Serialized files now loaded: 0)
System memory in use before: 88.8 MB.
System memory in use after: 88.8 MB.

Unloading 12 unused Assets to reduce memory usage. Loaded Objects now: 2427.
Total: 1.825200 ms (FindLiveObjects: 0.220700 ms CreateObjectMapping: 0.061100 ms MarkObjects: 1.453600 ms  DeleteObjects: 0.089200 ms)

========================================================================
Received Prepare
Registering precompiled user dll's ...
Registered in 0.000906 seconds.
Begin MonoManager ReloadAssembly
Native extension for WindowsStandalone target not found
Native extension for WebGL target not found
Refreshing native plugins compatible for Editor in 0.37 ms, found 1 plugins.
Preloading 0 native plugins for Editor in 0.00 ms.
Mono: successfully reloaded assembly
- Completed reload, in  0.725 seconds
Platform modules already initialized, skipping
Refreshing native plugins compatible for Editor in 0.31 ms, found 1 plugins.
Preloading 0 native plugins for Editor in 0.00 ms.
Unloading 1806 Unused Serialized files (Serialized files now loaded: 0)
System memory in use before: 88.8 MB.
System memory in use after: 88.8 MB.

Unloading 12 unused Assets to reduce memory usage. Loaded Objects now: 2431.
Total: 2.641500 ms (FindLiveObjects: 0.516100 ms CreateObjectMapping: 0.197200 ms MarkObjects: 1.839400 ms  DeleteObjects: 0.088100 ms)

========================================================================
Received Prepare
Registering precompiled user dll's ...
Registered in 0.000951 seconds.
Begin MonoManager ReloadAssembly
Native extension for WindowsStandalone target not found
Native extension for WebGL target not found
Refreshing native plugins compatible for Editor in 0.30 ms, found 1 plugins.
Preloading 0 native plugins for Editor in 0.00 ms.
Mono: successfully reloaded assembly
- Completed reload, in  0.680 seconds
Platform modules already initialized, skipping
Refreshing native plugins compatible for Editor in 0.31 ms, found 1 plugins.
Preloading 0 native plugins for Editor in 0.00 ms.
Unloading 1806 Unused Serialized files (Serialized files now loaded: 0)
System memory in use before: 88.8 MB.
System memory in use after: 88.8 MB.

Unloading 12 unused Assets to reduce memory usage. Loaded Objects now: 2435.
Total: 1.579100 ms (FindLiveObjects: 0.161600 ms CreateObjectMapping: 0.056100 ms MarkObjects: 1.278700 ms  DeleteObjects: 0.081900 ms)

========================================================================
Received Prepare
Registering precompiled user dll's ...
Registered in 0.000850 seconds.
Begin MonoManager ReloadAssembly
Native extension for WindowsStandalone target not found
Native extension for WebGL target not found
Refreshing native plugins compatible for Editor in 0.37 ms, found 1 plugins.
Preloading 0 native plugins for Editor in 0.00 ms.
Mono: successfully reloaded assembly
- Completed reload, in  0.697 seconds
Platform modules already initialized, skipping
Refreshing native plugins compatible for Editor in 0.30 ms, found 1 plugins.
Preloading 0 native plugins for Editor in 0.00 ms.
Unloading 1806 Unused Serialized files (Serialized files now loaded: 0)
System memory in use before: 88.8 MB.
System memory in use after: 88.8 MB.

Unloading 12 unused Assets to reduce memory usage. Loaded Objects now: 2439.
Total: 1.640400 ms (FindLiveObjects: 0.174300 ms CreateObjectMapping: 0.064600 ms MarkObjects: 1.317000 ms  DeleteObjects: 0.083700 ms)

========================================================================
Received Prepare
Registering precompiled user dll's ...
Registered in 0.022908 seconds.
Begin MonoManager ReloadAssembly
Native extension for WindowsStandalone target not found
Native extension for WebGL target not found
Refreshing native plugins compatible for Editor in 0.26 ms, found 1 plugins.
Preloading 0 native plugins for Editor in 0.00 ms.
Mono: successfully reloaded assembly
- Completed reload, in  0.719 seconds
Platform modules already initialized, skipping
Refreshing native plugins compatible for Editor in 0.30 ms, found 1 plugins.
Preloading 0 native plugins for Editor in 0.00 ms.
Unloading 1806 Unused Serialized files (Serialized files now loaded: 0)
System memory in use before: 88.8 MB.
System memory in use after: 88.8 MB.

Unloading 12 unused Assets to reduce memory usage. Loaded Objects now: 2443.
Total: 1.869700 ms (FindLiveObjects: 0.219900 ms CreateObjectMapping: 0.060700 ms MarkObjects: 1.467500 ms  DeleteObjects: 0.120800 ms)

========================================================================
Received Prepare
Registering precompiled user dll's ...
Registered in 0.001057 seconds.
Begin MonoManager ReloadAssembly
Native extension for WindowsStandalone target not found
Native extension for WebGL target not found
Refreshing native plugins compatible for Editor in 0.30 ms, found 1 plugins.
Preloading 0 native plugins for Editor in 0.00 ms.
Mono: successfully reloaded assembly
- Completed reload, in  0.692 seconds
Platform modules already initialized, skipping
Refreshing native plugins compatible for Editor in 0.31 ms, found 1 plugins.
Preloading 0 native plugins for Editor in 0.00 ms.
Unloading 1806 Unused Serialized files (Serialized files now loaded: 0)
System memory in use before: 88.8 MB.
System memory in use after: 88.8 MB.

Unloading 12 unused Assets to reduce memory usage. Loaded Objects now: 2447.
Total: 1.977800 ms (FindLiveObjects: 0.192600 ms CreateObjectMapping: 0.065200 ms MarkObjects: 1.548000 ms  DeleteObjects: 0.171300 ms)

========================================================================
Received Prepare
Registering precompiled user dll's ...
Registered in 0.000905 seconds.
Begin MonoManager ReloadAssembly
Native extension for WindowsStandalone target not found
Native extension for WebGL target not found
Refreshing native plugins compatible for Editor in 0.30 ms, found 1 plugins.
Preloading 0 native plugins for Editor in 0.00 ms.
Mono: successfully reloaded assembly
- Completed reload, in  0.711 seconds
Platform modules already initialized, skipping
Refreshing native plugins compatible for Editor in 0.31 ms, found 1 plugins.
Preloading 0 native plugins for Editor in 0.00 ms.
Unloading 1806 Unused Serialized files (Serialized files now loaded: 0)
System memory in use before: 88.8 MB.
System memory in use after: 88.8 MB.

Unloading 12 unused Assets to reduce memory usage. Loaded Objects now: 2451.
Total: 1.778100 ms (FindLiveObjects: 0.263200 ms CreateObjectMapping: 0.099400 ms MarkObjects: 1.328900 ms  DeleteObjects: 0.085600 ms)

========================================================================
Received Prepare
Registering precompiled user dll's ...
Registered in 0.001459 seconds.
Begin MonoManager ReloadAssembly
Native extension for WindowsStandalone target not found
Native extension for WebGL target not found
Refreshing native plugins compatible for Editor in 0.31 ms, found 1 plugins.
Preloading 0 native plugins for Editor in 0.00 ms.
Mono: successfully reloaded assembly
- Completed reload, in  0.694 seconds
Platform modules already initialized, skipping
Refreshing native plugins compatible for Editor in 0.30 ms, found 1 plugins.
Preloading 0 native plugins for Editor in 0.00 ms.
Unloading 1806 Unused Serialized files (Serialized files now loaded: 0)
System memory in use before: 88.8 MB.
System memory in use after: 88.8 MB.

Unloading 12 unused Assets to reduce memory usage. Loaded Objects now: 2455.
Total: 1.635400 ms (FindLiveObjects: 0.195900 ms CreateObjectMapping: 0.068200 ms MarkObjects: 1.288100 ms  DeleteObjects: 0.082700 ms)

========================================================================
Received Prepare
Registering precompiled user dll's ...
Registered in 0.001193 seconds.
Begin MonoManager ReloadAssembly
Native extension for WindowsStandalone target not found
Native extension for WebGL target not found
Refreshing native plugins compatible for Editor in 0.30 ms, found 1 plugins.
Preloading 0 native plugins for Editor in 0.00 ms.
Mono: successfully reloaded assembly
- Completed reload, in  1.414 seconds
Platform modules already initialized, skipping
Refreshing native plugins compatible for Editor in 0.31 ms, found 1 plugins.
Preloading 0 native plugins for Editor in 0.00 ms.
Unloading 1806 Unused Serialized files (Serialized files now loaded: 0)
System memory in use before: 88.8 MB.
System memory in use after: 88.8 MB.

Unloading 12 unused Assets to reduce memory usage. Loaded Objects now: 2459.
Total: 1.592800 ms (FindLiveObjects: 0.165500 ms CreateObjectMapping: 0.057900 ms MarkObjects: 1.287700 ms  DeleteObjects: 0.080900 ms)

========================================================================
Received Prepare
Registering precompiled user dll's ...
Registered in 0.000939 seconds.
Begin MonoManager ReloadAssembly
Native extension for WindowsStandalone target not found
Native extension for WebGL target not found
Refreshing native plugins compatible for Editor in 0.30 ms, found 1 plugins.
Preloading 0 native plugins for Editor in 0.00 ms.
Mono: successfully reloaded assembly
- Completed reload, in  0.839 seconds
Platform modules already initialized, skipping
Refreshing native plugins compatible for Editor in 0.34 ms, found 1 plugins.
Preloading 0 native plugins for Editor in 0.00 ms.
Unloading 1806 Unused Serialized files (Serialized files now loaded: 0)
System memory in use before: 88.8 MB.
System memory in use after: 88.8 MB.

Unloading 12 unused Assets to reduce memory usage. Loaded Objects now: 2463.
Total: 1.566900 ms (FindLiveObjects: 0.162100 ms CreateObjectMapping: 0.056100 ms MarkObjects: 1.268000 ms  DeleteObjects: 0.080000 ms)

========================================================================
Received Prepare
Registering precompiled user dll's ...
Registered in 0.000875 seconds.
Begin MonoManager ReloadAssembly
Native extension for WindowsStandalone target not found
Native extension for WebGL target not found
Refreshing native plugins compatible for Editor in 0.30 ms, found 1 plugins.
Preloading 0 native plugins for Editor in 0.00 ms.
Mono: successfully reloaded assembly
- Completed reload, in  0.693 seconds
Platform modules already initialized, skipping
Refreshing native plugins compatible for Editor in 0.30 ms, found 1 plugins.
Preloading 0 native plugins for Editor in 0.00 ms.
Unloading 1806 Unused Serialized files (Serialized files now loaded: 0)
System memory in use before: 88.9 MB.
System memory in use after: 88.8 MB.

Unloading 12 unused Assets to reduce memory usage. Loaded Objects now: 2467.
Total: 1.638900 ms (FindLiveObjects: 0.192100 ms CreateObjectMapping: 0.067200 ms MarkObjects: 1.295300 ms  DeleteObjects: 0.083600 ms)

AssetImportWorkerClient::OnTransportError - code=2 error=End of file
